<?xml version="1.0" encoding="UTF-8"?>
<!-- Generated by org.testng.reporters.JUnitReportReporter -->
<testsuite skipped="0" hostname="Work-PC" name="scripts.InvalidLogin" tests="1" failures="0" timestamp="07 May 2017 22:14:47 GMT" time="18.093" errors="0">
  <testcase name="testLoginInvalid" time="18.093" classname="scripts.InvalidLogin"/>
</testsuite> <!-- scripts.InvalidLogin -->
