<?xml version="1.0" encoding="UTF-8"?>
<!-- Generated by org.testng.reporters.JUnitReportReporter -->
<testsuite skipped="0" hostname="Work-PC" name="scripts.ValidLoginLogout" tests="1" failures="0" timestamp="07 May 2017 20:51:17 GMT" time="18.648" errors="0">
  <testcase name="testLoginValid" time="18.648" classname="scripts.ValidLoginLogout"/>
</testsuite> <!-- scripts.ValidLoginLogout -->
