<?xml version="1.0" encoding="UTF-8"?>
<!-- Generated by org.testng.reporters.JUnitReportReporter -->
<testsuite skipped="0" hostname="Work-PC" name="scripts.TestLogin" tests="1" failures="0" timestamp="22 Apr 2017 13:10:48 GMT" time="19.182" errors="0">
  <testcase name="testLogin" time="19.182" classname="scripts.TestLogin"/>
</testsuite> <!-- scripts.TestLogin -->
