<?xml version="1.0" encoding="UTF-8"?>
<!-- Generated by org.testng.reporters.JUnitReportReporter -->
<testsuite skipped="1" hostname="Work-PC" name="scripts.InvalidLogin" tests="1" failures="0" timestamp="06 May 2017 17:22:52 GMT" time="0.000" errors="0">
  <testcase name="testLoginInvalid" time="0.000" classname="scripts.InvalidLogin">
    <skipped/>
  </testcase> <!-- testLoginInvalid -->
</testsuite> <!-- scripts.InvalidLogin -->
