<?xml version="1.0" encoding="UTF-8"?>
<!-- Generated by org.testng.reporters.JUnitReportReporter -->
<testsuite skipped="0" hostname="Work-PC" name="scripts.TC1" tests="1" failures="0" timestamp="24 Apr 2017 13:42:30 GMT" time="14.373" errors="0">
  <testcase name="testLoginValid" time="14.373" classname="scripts.TC1"/>
</testsuite> <!-- scripts.TC1 -->
