<?xml version="1.0" encoding="UTF-8"?>
<!-- Generated by org.testng.reporters.JUnitReportReporter -->
<testsuite skipped="0" hostname="Work-PC" name="scripts.TC2" tests="1" failures="0" timestamp="24 Apr 2017 13:42:30 GMT" time="12.480" errors="0">
  <testcase name="testLoginInvalid" time="12.480" classname="scripts.TC2"/>
</testsuite> <!-- scripts.TC2 -->
