<?xml version="1.0" encoding="UTF-8"?>
<!-- Generated by org.testng.reporters.JUnitReportReporter -->
<testsuite skipped="0" hostname="Work-PC" name="gemeric.BaseTest" tests="1" failures="0" timestamp="06 May 2017 16:31:14 GMT" time="12.667" errors="0">
  <testcase name="abc" time="12.667" classname="gemeric.BaseTest"/>
</testsuite> <!-- gemeric.BaseTest -->
